Start testing: Dec 27 18:13 Eastern Standard Time
----------------------------------------------------------
1/1 Testing: unit_test_vector.BasicAssertions
1/1 Test: unit_test_vector.BasicAssertions
Command: "C:/Users/Olivier/1-Workspaces/MyProjects/tlv_parser/build/tlv_parser_test.exe" "--gtest_filter=unit_test_vector.BasicAssertions" "--gtest_also_run_disabled_tests"
Directory: C:/Users/Olivier/1-Workspaces/MyProjects/tlv_parser/build
"unit_test_vector.BasicAssertions" start time: Dec 27 18:13 Eastern Standard Time
Output:
----------------------------------------------------------
Running main() from C:\Users\Olivier\1-Workspaces\MyProjects\tlv_parser\build\_deps\googletest-src\googletest\src\gtest_main.cc
Note: Google Test filter = unit_test_vector.BasicAssertions
[==========] Running 1 test from 1 test suite.
[----------] Global test environment set-up.
[----------] 1 test from unit_test_vector
[ RUN      ] unit_test_vector.BasicAssertions
[       OK ] unit_test_vector.BasicAssertions (0 ms)
[----------] 1 test from unit_test_vector (0 ms total)

[----------] Global test environment tear-down
[==========] 1 test from 1 test suite ran. (0 ms total)
[  PASSED  ] 1 test.
<end of output>
Test time =   0.01 sec
----------------------------------------------------------
Test Passed.
"unit_test_vector.BasicAssertions" end time: Dec 27 18:13 Eastern Standard Time
"unit_test_vector.BasicAssertions" time elapsed: 00:00:00
----------------------------------------------------------

End testing: Dec 27 18:13 Eastern Standard Time
